[debug] [2023-07-12T23:22:12.552Z] ----------------------------------------------------------------------
[debug] [2023-07-12T23:22:12.555Z] Command:       C:\Program Files\nodejs\node.exe C:\Program Files\nodejs\node_modules\firebase-tools\lib\bin\firebase.js init
[debug] [2023-07-12T23:22:12.556Z] CLI Version:   12.4.4
[debug] [2023-07-12T23:22:12.556Z] Platform:      win32
[debug] [2023-07-12T23:22:12.557Z] Node Version:  v16.20.0
[debug] [2023-07-12T23:22:12.558Z] Time:          Thu Jul 13 2023 04:22:12 GMT+0500 (Pakistan Standard Time)
[debug] [2023-07-12T23:22:12.558Z] ----------------------------------------------------------------------
[debug] 
[debug] [2023-07-12T23:22:12.660Z] > command requires scopes: ["email","openid","https://www.googleapis.com/auth/cloudplatformprojects.readonly","https://www.googleapis.com/auth/firebase","https://www.googleapis.com/auth/cloud-platform"]
[debug] [2023-07-12T23:22:12.661Z] > authorizing via signed-in user (ateebnoone@gmail.com)
[info] 
     ######## #### ########  ######## ########     ###     ######  ########
     ##        ##  ##     ## ##       ##     ##  ##   ##  ##       ##
     ######    ##  ########  ######   ########  #########  ######  ######
     ##        ##  ##    ##  ##       ##     ## ##     ##       ## ##
     ##       #### ##     ## ######## ########  ##     ##  ######  ########

You're about to initialize a Firebase project in this directory:

  D:\demo

Before we get started, keep in mind:

  * You are initializing within an existing Firebase project directory

[info] 
=== Project Setup
[info] 
[info] First, let's associate this project directory with a Firebase project.
[info] You can create multiple project aliases by running firebase use --add, 
[info] but for now we'll just set up a default project.
[info] 
[debug] [2023-07-12T23:22:21.308Z] Using project from CLI flag: xindun-73ddd
[debug] [2023-07-12T23:22:21.314Z] >>> [apiv2][query] GET https://firebase.googleapis.com/v1beta1/projects/xindun-73ddd [none]
[debug] [2023-07-12T23:22:21.863Z] <<< [apiv2][status] GET https://firebase.googleapis.com/v1beta1/projects/xindun-73ddd 200
[debug] [2023-07-12T23:22:21.863Z] <<< [apiv2][body] GET https://firebase.googleapis.com/v1beta1/projects/xindun-73ddd {"projectId":"xindun-73ddd","projectNumber":"573791367219","displayName":"xindun","name":"projects/xindun-73ddd","resources":{"hostingSite":"xindun-73ddd"},"state":"ACTIVE","etag":"1_6c3d6a38-0d36-4af7-bb28-1d4d8873e0b0"}
[info] i  Using project xindun-73ddd (xindun) 
[info] 
=== Hosting Setup
[info] 
[info] Your public directory is the folder (relative to your project directory) that
[info] will contain Hosting assets to be uploaded with firebase deploy. If you
[info] have a build process for your assets, use your build's output directory.
[info] 
